<?xml version="1.0" encoding="UTF-8"?>
<!-- Generated by org.testng.reporters.JUnitXMLReporter -->
<testsuite ignored="6" hostname="DESKTOP-UKH5HD9" failures="0" tests="1" name="Test" time="376.538" errors="0" timestamp="2024-01-12T13:32:40 IST">
  <testcase classname="tests.PrescriptionTestCase" name="validationMsgAddPrescriptionPage" time="359.174"/>
  <testcase classname="tests.PrescriptionTestCase" name="addPrescription" time="0.0">
    <ignored/>
  </testcase> <!-- addPrescription -->
  <testcase classname="tests.PrescriptionTestCase" name="checkedPrescriptionAddAndPrescriptionListingUi" time="0.0">
    <ignored/>
  </testcase> <!-- checkedPrescriptionAddAndPrescriptionListingUi -->
  <testcase classname="tests.PrescriptionTestCase" name="deletePrescriptionFromPrescriptionListing" time="0.0">
    <ignored/>
  </testcase> <!-- deletePrescriptionFromPrescriptionListing -->
  <testcase classname="tests.PrescriptionTestCase" name="deletePrescriptionFromInputList" time="0.0">
    <ignored/>
  </testcase> <!-- deletePrescriptionFromInputList -->
  <testcase classname="tests.PrescriptionTestCase" name="checkedPrescriptionListingAfterAddPrescription" time="0.0">
    <ignored/>
  </testcase> <!-- checkedPrescriptionListingAfterAddPrescription -->
  <testcase classname="tests.PrescriptionTestCase" name="editPrescription" time="0.0">
    <ignored/>
  </testcase> <!-- editPrescription -->
</testsuite> <!-- Test -->
