<?xml version="1.0" encoding="UTF-8"?>
<!-- Generated by org.testng.reporters.JUnitXMLReporter -->
<testsuite ignored="9" hostname="DESKTOP-UKH5HD9" failures="0" tests="2" name="Test" time="65.03" errors="0" timestamp="2024-01-15T18:22:19 IST">
  <testcase classname="tests.TreatmentPlansTestCase1" name="checkOnWorkDonePageAfterTreatmentStart" time="13.031"/>
  <testcase classname="tests.TreatmentPlansTestCase1" name="verifyDeleteInTreatmentList" time="10.445"/>
  <testcase classname="tests.TreatmentPlansTestCase1" name="checkFunctionalityPrintBtn" time="0.0">
    <ignored/>
  </testcase> <!-- checkFunctionalityPrintBtn -->
  <testcase classname="tests.TreatmentPlansTestCase1" name="verifyUiOfTeethFindingPopup" time="0.0">
    <ignored/>
  </testcase> <!-- verifyUiOfTeethFindingPopup -->
  <testcase classname="tests.TreatmentPlansTestCase1" name="checkEditInputList" time="0.0">
    <ignored/>
  </testcase> <!-- checkEditInputList -->
  <testcase classname="tests.TreatmentPlansTestCase1" name="checkUiTreatmentPlanAddPage" time="0.0">
    <ignored/>
  </testcase> <!-- checkUiTreatmentPlanAddPage -->
  <testcase classname="tests.TreatmentPlansTestCase1" name="checkFunctionalityOfMarkBtn" time="0.0">
    <ignored/>
  </testcase> <!-- checkFunctionalityOfMarkBtn -->
  <testcase classname="tests.TreatmentPlansTestCase1" name="checkBehaviourSelectedTreatmentTab" time="0.0">
    <ignored/>
  </testcase> <!-- checkBehaviourSelectedTreatmentTab -->
  <testcase classname="tests.TreatmentPlansTestCase1" name="addingTreatmentCheckInInputAndMainList" time="0.0">
    <ignored/>
  </testcase> <!-- addingTreatmentCheckInInputAndMainList -->
  <testcase classname="tests.TreatmentPlansTestCase1" name="checkBehaviourOfSaveBtnOnInputList" time="0.0">
    <ignored/>
  </testcase> <!-- checkBehaviourOfSaveBtnOnInputList -->
  <testcase classname="tests.TreatmentPlansTestCase1" name="verifyViewAndEditBtn" time="0.0">
    <ignored/>
  </testcase> <!-- verifyViewAndEditBtn -->
</testsuite> <!-- Test -->
