<?xml version="1.0" encoding="UTF-8"?>
<testng-results ignored="29" total="30" passed="0" failed="1" skipped="0">
  <reporter-output>
  </reporter-output>
  <suite started-at="2024-01-15T19:29:05Z" name="Suite" finished-at="2024-01-15T19:29:51Z" duration-ms="45951">
    <groups>
      <group name="Functional">
        <method signature="EventTestCase.verifyByRoomEvent()[pri:0, instance:tests.EventTestCase@63c5efee]" name="verifyByRoomEvent" class="tests.EventTestCase"/>
      </group> <!-- Functional -->
      <group name="Sanity">
        <method signature="EventTestCase.verifyByRoomEvent()[pri:0, instance:tests.EventTestCase@63c5efee]" name="verifyByRoomEvent" class="tests.EventTestCase"/>
      </group> <!-- Sanity -->
      <group name="Regression">
        <method signature="EventTestCase.verifyByRoomEvent()[pri:0, instance:tests.EventTestCase@63c5efee]" name="verifyByRoomEvent" class="tests.EventTestCase"/>
      </group> <!-- Regression -->
    </groups>
    <test started-at="2024-01-15T19:29:05Z" name="Test" finished-at="2024-01-15T19:29:51Z" duration-ms="45951">
      <class name="tests.EventTestCase">
        <test-method is-config="true" signature="configReport()[pri:0, instance:tests.EventTestCase@63c5efee]" started-at="2024-01-16T00:59:06Z" name="configReport" finished-at="2024-01-16T00:59:06Z" duration-ms="3" status="PASS">
          <reporter-output>
          </reporter-output>
        </test-method> <!-- configReport -->
        <test-method is-config="true" signature="setup()[pri:0, instance:tests.EventTestCase@63c5efee]" started-at="2024-01-16T00:59:06Z" name="setup" finished-at="2024-01-16T00:59:16Z" duration-ms="10298" status="PASS">
          <reporter-output>
          </reporter-output>
        </test-method> <!-- setup -->
        <test-method signature="verifyByRoomEvent()[pri:0, instance:tests.EventTestCase@63c5efee]" started-at="2024-01-16T00:59:16Z" name="verifyByRoomEvent" description="#1: Add ByRoom Event #2: Verify Event Details on the Event Listing home Page #3: check on Add Appointment page event Added Room is disbaled" finished-at="2024-01-16T00:59:51Z" duration-ms="35456" status="FAIL">
          <exception class="org.openqa.selenium.TimeoutException">
            <message>
              <![CDATA[Expected condition failed: waiting for title to be "Doctor Dashboard". Current title: "Add Appointment/Event" (tried for 10 second(s) with 500 milliseconds interval)
Build info: version: '4.15.0', revision: '1d14b5521b'
System info: os.name: 'Windows 11', os.arch: 'amd64', os.version: '10.0', java.version: '17.0.9'
Driver info: org.openqa.selenium.firefox.FirefoxDriver
Capabilities {acceptInsecureCerts: true, browserName: firefox, browserVersion: 121.0, moz:accessibilityChecks: false, moz:buildID: 20231211174248, moz:debuggerAddress: 127.0.0.1:33981, moz:geckodriverVersion: 0.34.0, moz:headless: false, moz:platformVersion: 10.0, moz:processID: 47560, moz:profile: C:\Users\MOHAMM~1\AppData\L..., moz:shutdownTimeout: 60000, moz:webdriverClick: true, moz:windowless: false, pageLoadStrategy: normal, platformName: windows, proxy: Proxy(), se:cdp: ws://127.0.0.1:33981/devtoo..., se:cdpVersion: 85.0, setWindowRect: true, strictFileInteractability: false, timeouts: {implicit: 0, pageLoad: 300000, script: 30000}, unhandledPromptBehavior: dismiss and notify}
Session ID: 007dfae7-30cd-4b25-ab55-9d3970532385]]>
            </message>
            <full-stacktrace>
              <![CDATA[org.openqa.selenium.TimeoutException: Expected condition failed: waiting for title to be "Doctor Dashboard". Current title: "Add Appointment/Event" (tried for 10 second(s) with 500 milliseconds interval)
Build info: version: '4.15.0', revision: '1d14b5521b'
System info: os.name: 'Windows 11', os.arch: 'amd64', os.version: '10.0', java.version: '17.0.9'
Driver info: org.openqa.selenium.firefox.FirefoxDriver
Capabilities {acceptInsecureCerts: true, browserName: firefox, browserVersion: 121.0, moz:accessibilityChecks: false, moz:buildID: 20231211174248, moz:debuggerAddress: 127.0.0.1:33981, moz:geckodriverVersion: 0.34.0, moz:headless: false, moz:platformVersion: 10.0, moz:processID: 47560, moz:profile: C:\Users\MOHAMM~1\AppData\L..., moz:shutdownTimeout: 60000, moz:webdriverClick: true, moz:windowless: false, pageLoadStrategy: normal, platformName: windows, proxy: Proxy(), se:cdp: ws://127.0.0.1:33981/devtoo..., se:cdpVersion: 85.0, setWindowRect: true, strictFileInteractability: false, timeouts: {implicit: 0, pageLoad: 300000, script: 30000}, unhandledPromptBehavior: dismiss and notify}
Session ID: 007dfae7-30cd-4b25-ab55-9d3970532385
	at org.openqa.selenium.support.ui.WebDriverWait.timeoutException(WebDriverWait.java:84)
	at org.openqa.selenium.support.ui.FluentWait.until(FluentWait.java:229)
	at base.BaseClass.verifyPageTitle(BaseClass.java:271)
	at pageActions.doctorDashboard.CommonPageActions.verifyPageTitle(CommonPageActions.java:33)
	at tests.EventTestCase.verifyByRoomEvent(EventTestCase.java:774)
	at java.base/jdk.internal.reflect.NativeMethodAccessorImpl.invoke0(Native Method)
	at java.base/jdk.internal.reflect.NativeMethodAccessorImpl.invoke(NativeMethodAccessorImpl.java:77)
	at java.base/jdk.internal.reflect.DelegatingMethodAccessorImpl.invoke(DelegatingMethodAccessorImpl.java:43)
	at java.base/java.lang.reflect.Method.invoke(Method.java:568)
	at org.testng.internal.MethodInvocationHelper.invokeMethod(MethodInvocationHelper.java:108)
	at org.testng.internal.Invoker.invokeMethod(Invoker.java:661)
	at org.testng.internal.Invoker.invokeTestMethod(Invoker.java:869)
	at org.testng.internal.Invoker.invokeTestMethods(Invoker.java:1193)
	at org.testng.internal.TestMethodWorker.invokeTestMethods(TestMethodWorker.java:126)
	at org.testng.internal.TestMethodWorker.run(TestMethodWorker.java:109)
	at org.testng.TestRunner.privateRun(TestRunner.java:744)
	at org.testng.TestRunner.run(TestRunner.java:602)
	at org.testng.SuiteRunner.runTest(SuiteRunner.java:380)
	at org.testng.SuiteRunner.runSequentially(SuiteRunner.java:375)
	at org.testng.SuiteRunner.privateRun(SuiteRunner.java:340)
	at org.testng.SuiteRunner.run(SuiteRunner.java:289)
	at org.testng.SuiteRunnerWorker.runSuite(SuiteRunnerWorker.java:52)
	at org.testng.SuiteRunnerWorker.run(SuiteRunnerWorker.java:86)
	at org.testng.TestNG.runSuitesSequentially(TestNG.java:1301)
	at org.testng.TestNG.runSuitesLocally(TestNG.java:1226)
	at org.testng.TestNG.runSuites(TestNG.java:1144)
	at org.testng.TestNG.run(TestNG.java:1115)
	at org.testng.remote.AbstractRemoteTestNG.run(AbstractRemoteTestNG.java:115)
	at org.testng.remote.RemoteTestNG.initAndRun(RemoteTestNG.java:251)
	at org.testng.remote.RemoteTestNG.main(RemoteTestNG.java:77)
]]>
            </full-stacktrace>
          </exception> <!-- org.openqa.selenium.TimeoutException -->
          <reporter-output>
          </reporter-output>
        </test-method> <!-- verifyByRoomEvent -->
        <test-method is-config="true" signature="tearDown()[pri:0, instance:tests.EventTestCase@63c5efee]" started-at="2024-01-16T00:59:51Z" name="tearDown" finished-at="2024-01-16T00:59:51Z" duration-ms="0" status="PASS">
          <reporter-output>
          </reporter-output>
        </test-method> <!-- tearDown -->
      </class> <!-- tests.EventTestCase -->
    </test> <!-- Test -->
  </suite> <!-- Suite -->
</testng-results>
