<?xml version="1.0" encoding="UTF-8"?>
<!-- Generated by org.testng.reporters.JUnitXMLReporter -->
<testsuite ignored="5" hostname="MSI" failures="0" tests="1" name="Test" time="58.46" errors="0" timestamp="12 Jan 2024 05:19:00 GMT">
  <testcase classname="tests.PatientRegistrationTestCase" name="createNewPatient" time="45.64"/>
  <testcase classname="tests.PatientRegistrationTestCase" name="PatientRegistrationPageActions" time="0.0">
    <ignored/>
  </testcase> <!-- PatientRegistrationPageActions -->
  <testcase classname="tests.PatientRegistrationTestCase" name="checkMandatoryFields" time="0.0">
    <ignored/>
  </testcase> <!-- checkMandatoryFields -->
  <testcase classname="tests.PatientRegistrationTestCase" name="behaviourOfAllSelectOfMixed" time="0.0">
    <ignored/>
  </testcase> <!-- behaviourOfAllSelectOfMixed -->
  <testcase classname="tests.PatientRegistrationTestCase" name="validteDetailsOfPatient" time="0.0">
    <ignored/>
  </testcase> <!-- validteDetailsOfPatient -->
  <testcase classname="tests.PatientRegistrationTestCase" name="verifyAlreadyExitingPatientMsg" time="0.0">
    <ignored/>
  </testcase> <!-- verifyAlreadyExitingPatientMsg -->
</testsuite> <!-- Test -->
